TN:
SF:src/adapters/controllers/order.controller.ts
FN:8,(anonymous_2)
FN:12,(anonymous_3)
FNF:2
FNH:2
FNDA:1,(anonymous_2)
FNDA:1,(anonymous_3)
DA:1,1
DA:2,1
DA:3,1
DA:7,1
DA:8,1
DA:12,1
DA:13,1
LF:7
LH:7
BRF:0
BRH:0
end_of_record
TN:
SF:src/adapters/database/repositories/order.repository.ts
FN:8,(anonymous_2)
FN:10,(anonymous_3)
FN:14,(anonymous_4)
FNF:3
FNH:1
FNDA:1,(anonymous_2)
FNDA:0,(anonymous_3)
FNDA:0,(anonymous_4)
DA:1,1
DA:3,1
DA:7,1
DA:8,1
DA:11,0
DA:15,0
LF:6
LH:4
BRF:0
BRH:0
end_of_record
TN:
SF:src/application/services/order.service.ts
FN:6,(anonymous_4)
FN:11,(anonymous_5)
FNF:2
FNH:2
FNDA:3,(anonymous_4)
FNDA:1,(anonymous_5)
DA:1,3
DA:5,3
DA:8,3
DA:12,1
LF:4
LH:4
BRF:0
BRH:0
end_of_record
TN:
SF:src/application/usecases/get-queue.usecase.ts
FN:6,(anonymous_2)
FN:8,(anonymous_3)
FNF:2
FNH:2
FNDA:2,(anonymous_2)
FNDA:1,(anonymous_3)
DA:1,2
DA:2,2
DA:5,2
DA:6,2
DA:9,1
LF:5
LH:5
BRF:0
BRH:0
end_of_record
